#
# A fatal error has been detected by the Java Runtime Environment:
#
#  Internal Error (javaClasses.cpp:137), pid=3916, tid=139688929568512
#  fatal error: Invalid layout of preloaded class
#
# JRE version:  (7.0_80-b15) (build )
# Java VM: Java HotSpot(TM) 64-Bit Server VM (24.80-b11 mixed mode linux-amd64 compressed oops)
# Failed to write core dump. Core dumps have been disabled. To enable core dumping, try "ulimit -c unlimited" before starting Java again
#
# If you would like to submit a bug report, please visit:
#   http://bugreport.java.com/bugreport/crash.jsp
#

---------------  T H R E A D  ---------------

Current thread (0x00007f0bd400a000):  JavaThread "Unknown thread" [_thread_in_vm, id=3921, stack(0x00007f0bdcf6a000,0x00007f0bdd06b000)]

Stack: [0x00007f0bdcf6a000,0x00007f0bdd06b000],  sp=0x00007f0bdd069780,  free space=1021k
Native frames: (J=compiled Java code, j=interpreted, Vv=VM code, C=native code)
V  [libjvm.so+0x9a320a]  VMError::report_and_die()+0x2ea
V  [libjvm.so+0x4990f9]  report_fatal(char const*, int, char const*)+0x59
V  [libjvm.so+0x60a195]  compute_offset(int&, klassOopDesc*, Symbol*, Symbol*, bool)+0x135
V  [libjvm.so+0x60b149]  java_lang_String::compute_offsets()+0x49
V  [libjvm.so+0x9290f5]  SystemDictionary::initialize_preloaded_classes(Thread*)+0x235
V  [libjvm.so+0x976ad4]  Universe::genesis(Thread*)+0x494
V  [libjvm.so+0x976f89]  universe2_init()+0x29
V  [libjvm.so+0x5b2f7d]  init_globals()+0xbd
V  [libjvm.so+0x95db4d]  Threads::create_vm(JavaVMInitArgs*, bool*)+0x1ed
V  [libjvm.so+0x63b2e4]  JNI_CreateJavaVM+0x74
C  [libjli.so+0x2f8e]  JavaMain+0x9e


---------------  P R O C E S S  ---------------

Java Threads: ( => current thread )

Other Threads:

=>0x00007f0bd400a000 (exited) JavaThread "Unknown thread" [_thread_in_vm, id=3921, stack(0x00007f0bdcf6a000,0x00007f0bdd06b000)]

VM state:not at safepoint (not fully initialized)

VM Mutex/Monitor currently owned by a thread: None

GC Heap History (0 events):
No events

Deoptimization events (0 events):
No events

Internal exceptions (0 events):
No events

Events (10 events):
Event: 1.205 loading class 0x00007f0bd986c710 done
Event: 1.205 loading class 0x00007f0bd986c110 done
Event: 1.205 loading class 0x00007f0bd986c0f0
Event: 1.241 loading class 0x00007f0bd98742a0
Event: 1.245 loading class 0x00007f0bd98742a0 done
Event: 1.245 loading class 0x00007f0bd98742d0
Event: 1.245 loading class 0x00007f0bd98742d0 done
Event: 1.245 loading class 0x00007f0bd9874300
Event: 1.245 loading class 0x00007f0bd9874300 done
Event: 1.245 loading class 0x00007f0bd986c0f0 done


Dynamic libraries:
00400000-00401000 r-xp 00000000 08:01 6720557                            /usr/lib/jvm/java-7-oracle/bin/java
00600000-00601000 rw-p 00000000 08:01 6720557                            /usr/lib/jvm/java-7-oracle/bin/java
02523000-02544000 rw-p 00000000 00:00 0                                  [heap]
bf200000-c0700000 rw-p 00000000 00:00 0 
c0700000-c4400000 rw-p 00000000 00:00 0 
c4400000-c6b80000 rw-p 00000000 00:00 0 
c6b80000-ec100000 rw-p 00000000 00:00 0 
ec100000-ed500000 rw-p 00000000 00:00 0 
ed500000-100000000 rw-p 00000000 00:00 0 
7f0bbc000000-7f0bbc021000 rw-p 00000000 00:00 0 
7f0bbc021000-7f0bc0000000 ---p 00000000 00:00 0 
7f0bc1f90000-7f0bc4000000 rw-p 00000000 00:00 0 
7f0bc4000000-7f0bc4021000 rw-p 00000000 00:00 0 
7f0bc4021000-7f0bc8000000 ---p 00000000 00:00 0 
7f0bc8000000-7f0bc8021000 rw-p 00000000 00:00 0 
7f0bc8021000-7f0bcc000000 ---p 00000000 00:00 0 
7f0bcc000000-7f0bcc021000 rw-p 00000000 00:00 0 
7f0bcc021000-7f0bd0000000 ---p 00000000 00:00 0 
7f0bd1000000-7f0bd1270000 rwxp 00000000 00:00 0 
7f0bd1270000-7f0bd4056000 rw-p 00000000 00:00 0 
7f0bd4056000-7f0bd8000000 ---p 00000000 00:00 0 
7f0bd948d000-7f0bd9701000 rw-p 00000000 00:00 0 
7f0bd9701000-7f0bd97f6000 r--s 017dd000 08:01 1838754                    /home/johndalealfredjulian/Desktop/android-sdk-linux/platforms/android-22/android.jar
7f0bd97f6000-7f0bd9af6000 rw-p 00000000 00:00 0 
7f0bd9af6000-7f0bd9af7000 ---p 00000000 00:00 0 
7f0bd9af7000-7f0bd9bf7000 rw-p 00000000 00:00 0                          [stack:3925]
7f0bd9bf7000-7f0bd9bf8000 ---p 00000000 00:00 0 
7f0bd9bf8000-7f0bd9cf8000 rw-p 00000000 00:00 0                          [stack:3924]
7f0bd9cf8000-7f0bd9cf9000 ---p 00000000 00:00 0 
7f0bd9cf9000-7f0bd9df9000 rw-p 00000000 00:00 0                          [stack:3923]
7f0bd9df9000-7f0bd9dfa000 ---p 00000000 00:00 0 
7f0bd9dfa000-7f0bd9f05000 rw-p 00000000 00:00 0                          [stack:3922]
7f0bd9f05000-7f0bd9f23000 rw-p 00000000 00:00 0 
7f0bd9f23000-7f0bd9f37000 rw-p 00000000 00:00 0 
7f0bd9f37000-7f0bda062000 rw-p 00000000 00:00 0 
7f0bda062000-7f0bda06d000 rw-p 00000000 00:00 0 
7f0bda06d000-7f0bda08b000 rw-p 00000000 00:00 0 
7f0bda08b000-7f0bda09f000 rw-p 00000000 00:00 0 
7f0bda09f000-7f0bda1c9000 rw-p 00000000 00:00 0 
7f0bda1c9000-7f0bda1d4000 rw-p 00000000 00:00 0 
7f0bda1d4000-7f0bda269000 rw-p 00000000 00:00 0 
7f0bda269000-7f0bda26a000 rw-p 00000000 00:00 0 
7f0bda26a000-7f0bda281000 r-xp 00000000 08:01 6720698                    /usr/lib/jvm/java-7-oracle/jre/lib/amd64/libzip.so
7f0bda281000-7f0bda481000 ---p 00017000 08:01 6720698                    /usr/lib/jvm/java-7-oracle/jre/lib/amd64/libzip.so
7f0bda481000-7f0bda482000 rw-p 00017000 08:01 6720698                    /usr/lib/jvm/java-7-oracle/jre/lib/amd64/libzip.so
7f0bda482000-7f0bda48e000 r-xp 00000000 08:01 1048698                    /lib/x86_64-linux-gnu/libnss_files-2.15.so
7f0bda48e000-7f0bda68d000 ---p 0000c000 08:01 1048698                    /lib/x86_64-linux-gnu/libnss_files-2.15.so
7f0bda68d000-7f0bda68e000 r--p 0000b000 08:01 1048698                    /lib/x86_64-linux-gnu/libnss_files-2.15.so
7f0bda68e000-7f0bda68f000 rw-p 0000c000 08:01 1048698                    /lib/x86_64-linux-gnu/libnss_files-2.15.so
7f0bda68f000-7f0bda699000 r-xp 00000000 08:01 1048598                    /lib/x86_64-linux-gnu/libnss_nis-2.15.so
7f0bda699000-7f0bda899000 ---p 0000a000 08:01 1048598                    /lib/x86_64-linux-gnu/libnss_nis-2.15.so
7f0bda899000-7f0bda89a000 r--p 0000a000 08:01 1048598                    /lib/x86_64-linux-gnu/libnss_nis-2.15.so
7f0bda89a000-7f0bda89b000 rw-p 0000b000 08:01 1048598                    /lib/x86_64-linux-gnu/libnss_nis-2.15.so
7f0bda89b000-7f0bda8b2000 r-xp 00000000 08:01 1052761                    /lib/x86_64-linux-gnu/libnsl-2.15.so
7f0bda8b2000-7f0bdaab1000 ---p 00017000 08:01 1052761                    /lib/x86_64-linux-gnu/libnsl-2.15.so
7f0bdaab1000-7f0bdaab2000 r--p 00016000 08:01 1052761                    /lib/x86_64-linux-gnu/libnsl-2.15.so
7f0bdaab2000-7f0bdaab3000 rw-p 00017000 08:01 1052761                    /lib/x86_64-linux-gnu/libnsl-2.15.so
7f0bdaab3000-7f0bdaab5000 rw-p 00000000 00:00 0 
7f0bdaab5000-7f0bdaabd000 r-xp 00000000 08:01 1052762                    /lib/x86_64-linux-gnu/libnss_compat-2.15.so
7f0bdaabd000-7f0bdacbc000 ---p 00008000 08:01 1052762                    /lib/x86_64-linux-gnu/libnss_compat-2.15.so
7f0bdacbc000-7f0bdacbd000 r--p 00007000 08:01 1052762                    /lib/x86_64-linux-gnu/libnss_compat-2.15.so
7f0bdacbd000-7f0bdacbe000 rw-p 00008000 08:01 1052762                    /lib/x86_64-linux-gnu/libnss_compat-2.15.so
7f0bdacbe000-7f0bdace7000 r-xp 00000000 08:01 6720720                    /usr/lib/jvm/java-7-oracle/jre/lib/amd64/libjava.so
7f0bdace7000-7f0bdaee7000 ---p 00029000 08:01 6720720                    /usr/lib/jvm/java-7-oracle/jre/lib/amd64/libjava.so
7f0bdaee7000-7f0bdaee9000 rw-p 00029000 08:01 6720720                    /usr/lib/jvm/java-7-oracle/jre/lib/amd64/libjava.so
7f0bdaee9000-7f0bdaef6000 r-xp 00000000 08:01 6720725                    /usr/lib/jvm/java-7-oracle/jre/lib/amd64/libverify.so
7f0bdaef6000-7f0bdb0f5000 ---p 0000d000 08:01 6720725                    /usr/lib/jvm/java-7-oracle/jre/lib/amd64/libverify.so
7f0bdb0f5000-7f0bdb0f7000 rw-p 0000c000 08:01 6720725                    /usr/lib/jvm/java-7-oracle/jre/lib/amd64/libverify.so
7f0bdb0f7000-7f0bdb0fe000 r-xp 00000000 08:01 1048700                    /lib/x86_64-linux-gnu/librt-2.15.so
7f0bdb0fe000-7f0bdb2fd000 ---p 00007000 08:01 1048700                    /lib/x86_64-linux-gnu/librt-2.15.so
7f0bdb2fd000-7f0bdb2fe000 r--p 00006000 08:01 1048700                    /lib/x86_64-linux-gnu/librt-2.15.so
7f0bdb2fe000-7f0bdb2ff000 rw-p 00007000 08:01 1048700                    /lib/x86_64-linux-gnu/librt-2.15.so
7f0bdb2ff000-7f0bdb3fa000 r-xp 00000000 08:01 1048695                    /lib/x86_64-linux-gnu/libm-2.15.so
7f0bdb3fa000-7f0bdb5f9000 ---p 000fb000 08:01 1048695                    /lib/x86_64-linux-gnu/libm-2.15.so
7f0bdb5f9000-7f0bdb5fa000 r--p 000fa000 08:01 1048695                    /lib/x86_64-linux-gnu/libm-2.15.so
7f0bdb5fa000-7f0bdb5fb000 rw-p 000fb000 08:01 1048695                    /lib/x86_64-linux-gnu/libm-2.15.so
7f0bdb5fb000-7f0bdc171000 r-xp 00000000 08:01 6720741                    /usr/lib/jvm/java-7-oracle/jre/lib/amd64/server/libjvm.so
7f0bdc171000-7f0bdc370000 ---p 00b76000 08:01 6720741                    /usr/lib/jvm/java-7-oracle/jre/lib/amd64/server/libjvm.so
7f0bdc370000-7f0bdc434000 rw-p 00b75000 08:01 6720741                    /usr/lib/jvm/java-7-oracle/jre/lib/amd64/server/libjvm.so
7f0bdc434000-7f0bdc475000 rw-p 00000000 00:00 0 
7f0bdc475000-7f0bdc629000 r-xp 00000000 08:01 1052760                    /lib/x86_64-linux-gnu/libc-2.15.so
7f0bdc629000-7f0bdc828000 ---p 001b4000 08:01 1052760                    /lib/x86_64-linux-gnu/libc-2.15.so
7f0bdc828000-7f0bdc82c000 r--p 001b3000 08:01 1052760                    /lib/x86_64-linux-gnu/libc-2.15.so
7f0bdc82c000-7f0bdc82e000 rw-p 001b7000 08:01 1052760                    /lib/x86_64-linux-gnu/libc-2.15.so
7f0bdc82e000-7f0bdc833000 rw-p 00000000 00:00 0 
7f0bdc833000-7f0bdc835000 r-xp 00000000 08:01 1052764                    /lib/x86_64-linux-gnu/libdl-2.15.so
7f0bdc835000-7f0bdca35000 ---p 00002000 08:01 1052764                    /lib/x86_64-linux-gnu/libdl-2.15.so
7f0bdca35000-7f0bdca36000 r--p 00002000 08:01 1052764                    /lib/x86_64-linux-gnu/libdl-2.15.so
7f0bdca36000-7f0bdca37000 rw-p 00003000 08:01 1052764                    /lib/x86_64-linux-gnu/libdl-2.15.so
7f0bdca37000-7f0bdca4c000 r-xp 00000000 08:01 6427411                    /usr/lib/jvm/java-7-oracle/lib/amd64/jli/libjli.so
7f0bdca4c000-7f0bdcc4b000 ---p 00015000 08:01 6427411                    /usr/lib/jvm/java-7-oracle/lib/amd64/jli/libjli.so
7f0bdcc4b000-7f0bdcc4c000 rw-p 00014000 08:01 6427411                    /usr/lib/jvm/java-7-oracle/lib/amd64/jli/libjli.so
7f0bdcc4c000-7f0bdcc64000 r-xp 00000000 08:01 1048697                    /lib/x86_64-linux-gnu/libpthread-2.15.so
7f0bdcc64000-7f0bdce63000 ---p 00018000 08:01 1048697                    /lib/x86_64-linux-gnu/libpthread-2.15.so
7f0bdce63000-7f0bdce64000 r--p 00017000 08:01 1048697                    /lib/x86_64-linux-gnu/libpthread-2.15.so
7f0bdce64000-7f0bdce65000 rw-p 00018000 08:01 1048697                    /lib/x86_64-linux-gnu/libpthread-2.15.so
7f0bdce65000-7f0bdce69000 rw-p 00000000 00:00 0 
7f0bdce69000-7f0bdce8b000 r-xp 00000000 08:01 1048699                    /lib/x86_64-linux-gnu/ld-2.15.so
7f0bdce95000-7f0bdceb4000 rw-p 00000000 00:00 0 
7f0bdceb4000-7f0bdcf6a000 rw-p 00000000 00:00 0 
7f0bdcf6a000-7f0bdcf6d000 ---p 00000000 00:00 0 
7f0bdcf6d000-7f0bdd06f000 rw-p 00000000 00:00 0                          [stack:3921]
7f0bdd07d000-7f0bdd07f000 rw-p 00000000 00:00 0 
7f0bdd07f000-7f0bdd087000 rw-s 00000000 08:01 4853761                    /tmp/hsperfdata_johndalealfredjulian/3916
7f0bdd087000-7f0bdd088000 rw-p 00000000 00:00 0 
7f0bdd088000-7f0bdd089000 r--p 00000000 00:00 0 
7f0bdd089000-7f0bdd08b000 rw-p 00000000 00:00 0 
7f0bdd08b000-7f0bdd08c000 r--p 00022000 08:01 1048699                    /lib/x86_64-linux-gnu/ld-2.15.so
7f0bdd08c000-7f0bdd08e000 rw-p 00023000 08:01 1048699                    /lib/x86_64-linux-gnu/ld-2.15.so
7fffbdf9e000-7fffbdfbf000 rw-p 00000000 00:00 0                          [stack]
7fffbdffe000-7fffbe000000 r-xp 00000000 00:00 0                          [vdso]
ffffffffff600000-ffffffffff601000 r-xp 00000000 00:00 0                  [vsyscall]

VM Arguments:
jvm_args: -Dfile.encoding=UTF-8 -Xbootclasspath:/home/johndalealfredjulian/Desktop/android-sdk-linux/platforms/android-22/android.jar 
java_command: com.example.geoquiz.QuizActivity
Launcher Type: SUN_STANDARD

Environment Variables:
PATH=/usr/lib/lightdm/lightdm:/usr/local/sbin:/usr/local/bin:/usr/sbin:/usr/bin:/sbin:/bin:/usr/games
SHELL=/bin/bash
DISPLAY=:0.0

Signal Handlers:
SIGSEGV: [libjvm.so+0x9a3b20], sa_mask[0]=0x7ffbfeff, sa_flags=0x10000004
SIGBUS: [libjvm.so+0x9a3b20], sa_mask[0]=0x7ffbfeff, sa_flags=0x10000004
SIGFPE: [libjvm.so+0x81e740], sa_mask[0]=0x7ffbfeff, sa_flags=0x10000004
SIGPIPE: [libjvm.so+0x81e740], sa_mask[0]=0x7ffbfeff, sa_flags=0x10000004
SIGXFSZ: [libjvm.so+0x81e740], sa_mask[0]=0x7ffbfeff, sa_flags=0x10000004
SIGILL: [libjvm.so+0x81e740], sa_mask[0]=0x7ffbfeff, sa_flags=0x10000004
SIGUSR1: SIG_DFL, sa_mask[0]=0x00000000, sa_flags=0x00000000
SIGUSR2: [libjvm.so+0x81ffb0], sa_mask[0]=0x00000004, sa_flags=0x10000004
SIGHUP: SIG_DFL, sa_mask[0]=0x00000000, sa_flags=0x00000000
SIGINT: SIG_DFL, sa_mask[0]=0x00000000, sa_flags=0x00000000
SIGTERM: SIG_DFL, sa_mask[0]=0x00000000, sa_flags=0x00000000
SIGQUIT: SIG_DFL, sa_mask[0]=0x00000000, sa_flags=0x00000000


---------------  S Y S T E M  ---------------

OS:wheezy/sid

uname:Linux 3.13.0-32-generic #57~precise1-Ubuntu SMP Tue Jul 15 03:51:20 UTC 2014 x86_64
libc:glibc 2.15 NPTL 2.15 
rlimit: STACK 8192k, CORE 0k, NPROC 30380, NOFILE 4096, AS infinity
load average:4.69 3.18 2.38

/proc/meminfo:
MemTotal:        3909768 kB
MemFree:          113596 kB
Buffers:            5548 kB
Cached:           214688 kB
SwapCached:       100732 kB
Active:          2040032 kB
Inactive:         623516 kB
Active(anon):    1986548 kB
Inactive(anon):   574436 kB
Active(file):      53484 kB
Inactive(file):    49080 kB
Unevictable:          16 kB
Mlocked:              16 kB
SwapTotal:       4052988 kB
SwapFree:        3351204 kB
Dirty:               548 kB
Writeback:             0 kB
AnonPages:       2359080 kB
Mapped:           182944 kB
Shmem:            117712 kB
Slab:             103324 kB
SReclaimable:      43400 kB
SUnreclaim:        59924 kB
KernelStack:        5312 kB
PageTables:        43940 kB
NFS_Unstable:          0 kB
Bounce:                0 kB
WritebackTmp:          0 kB
CommitLimit:     6007872 kB
Committed_AS:    8147964 kB
VmallocTotal:   34359738367 kB
VmallocUsed:       97976 kB
VmallocChunk:   34359629584 kB
HardwareCorrupted:     0 kB
AnonHugePages:   1005568 kB
HugePages_Total:       0
HugePages_Free:        0
HugePages_Rsvd:        0
HugePages_Surp:        0
Hugepagesize:       2048 kB
DirectMap4k:       67252 kB
DirectMap2M:     3987456 kB


CPU:total 4 (2 cores per cpu, 2 threads per core) family 6 model 37 stepping 2, cmov, cx8, fxsr, mmx, sse, sse2, sse3, ssse3, sse4.1, sse4.2, popcnt, aes, ht, tsc, tscinvbit

/proc/cpuinfo:
processor	: 0
vendor_id	: GenuineIntel
cpu family	: 6
model		: 37
model name	: Intel(R) Core(TM) i5 CPU         650  @ 3.20GHz
stepping	: 2
microcode	: 0x9
cpu MHz		: 3333.000
cache size	: 4096 KB
physical id	: 0
siblings	: 4
core id		: 0
cpu cores	: 2
apicid		: 0
initial apicid	: 0
fpu		: yes
fpu_exception	: yes
cpuid level	: 11
wp		: yes
flags		: fpu vme de pse tsc msr pae mce cx8 apic sep mtrr pge mca cmov pat pse36 clflush dts acpi mmx fxsr sse sse2 ss ht tm pbe syscall nx rdtscp lm constant_tsc arch_perfmon pebs bts rep_good nopl xtopology nonstop_tsc aperfmperf pni pclmulqdq dtes64 monitor ds_cpl vmx smx est tm2 ssse3 cx16 xtpr pdcm sse4_1 sse4_2 popcnt aes lahf_lm ida arat dtherm tpr_shadow vnmi flexpriority ept vpid
bogomips	: 6384.20
clflush size	: 64
cache_alignment	: 64
address sizes	: 36 bits physical, 48 bits virtual
power management:

processor	: 1
vendor_id	: GenuineIntel
cpu family	: 6
model		: 37
model name	: Intel(R) Core(TM) i5 CPU         650  @ 3.20GHz
stepping	: 2
microcode	: 0x9
cpu MHz		: 3333.000
cache size	: 4096 KB
physical id	: 0
siblings	: 4
core id		: 0
cpu cores	: 2
apicid		: 1
initial apicid	: 1
fpu		: yes
fpu_exception	: yes
cpuid level	: 11
wp		: yes
flags		: fpu vme de pse tsc msr pae mce cx8 apic sep mtrr pge mca cmov pat pse36 clflush dts acpi mmx fxsr sse sse2 ss ht tm pbe syscall nx rdtscp lm constant_tsc arch_perfmon pebs bts rep_good nopl xtopology nonstop_tsc aperfmperf pni pclmulqdq dtes64 monitor ds_cpl vmx smx est tm2 ssse3 cx16 xtpr pdcm sse4_1 sse4_2 popcnt aes lahf_lm ida arat dtherm tpr_shadow vnmi flexpriority ept vpid
bogomips	: 6384.20
clflush size	: 64
cache_alignment	: 64
address sizes	: 36 bits physical, 48 bits virtual
power management:

processor	: 2
vendor_id	: GenuineIntel
cpu family	: 6
model		: 37
model name	: Intel(R) Core(TM) i5 CPU         650  @ 3.20GHz
stepping	: 2
microcode	: 0x9
cpu MHz		: 1199.000
cache size	: 4096 KB
physical id	: 0
siblings	: 4
core id		: 2
cpu cores	: 2
apicid		: 5
initial apicid	: 5
fpu		: yes
fpu_exception	: yes
cpuid level	: 11
wp		: yes
flags		: fpu vme de pse tsc msr pae mce cx8 apic sep mtrr pge mca cmov pat pse36 clflush dts acpi mmx fxsr sse sse2 ss ht tm pbe syscall nx rdtscp lm constant_tsc arch_perfmon pebs bts rep_good nopl xtopology nonstop_tsc aperfmperf pni pclmulqdq dtes64 monitor ds_cpl vmx smx est tm2 ssse3 cx16 xtpr pdcm sse4_1 sse4_2 popcnt aes lahf_lm ida arat dtherm tpr_shadow vnmi flexpriority ept vpid
bogomips	: 6384.20
clflush size	: 64
cache_alignment	: 64
address sizes	: 36 bits physical, 48 bits virtual
power management:

processor	: 3
vendor_id	: GenuineIntel
cpu family	: 6
model		: 37
model name	: Intel(R) Core(TM) i5 CPU         650  @ 3.20GHz
stepping	: 2
microcode	: 0x9
cpu MHz		: 2533.000
cache size	: 4096 KB
physical id	: 0
siblings	: 4
core id		: 2
cpu cores	: 2
apicid		: 4
initial apicid	: 4
fpu		: yes
fpu_exception	: yes
cpuid level	: 11
wp		: yes
flags		: fpu vme de pse tsc msr pae mce cx8 apic sep mtrr pge mca cmov pat pse36 clflush dts acpi mmx fxsr sse sse2 ss ht tm pbe syscall nx rdtscp lm constant_tsc arch_perfmon pebs bts rep_good nopl xtopology nonstop_tsc aperfmperf pni pclmulqdq dtes64 monitor ds_cpl vmx smx est tm2 ssse3 cx16 xtpr pdcm sse4_1 sse4_2 popcnt aes lahf_lm ida arat dtherm tpr_shadow vnmi flexpriority ept vpid
bogomips	: 6384.20
clflush size	: 64
cache_alignment	: 64
address sizes	: 36 bits physical, 48 bits virtual
power management:



Memory: 4k page, physical 3909768k(113596k free), swap 4052988k(3351204k free)

vm_info: Java HotSpot(TM) 64-Bit Server VM (24.80-b11) for linux-amd64 JRE (1.7.0_80-b15), built on Apr 10 2015 19:53:14 by "java_re" with gcc 4.3.0 20080428 (Red Hat 4.3.0-8)

time: Tue May 26 12:18:51 2015
elapsed time: 1 seconds

