#
# A fatal error has been detected by the Java Runtime Environment:
#
#  Internal Error (javaClasses.cpp:137), pid=4481, tid=139968917063424
#  fatal error: Invalid layout of preloaded class
#
# JRE version:  (7.0_80-b15) (build )
# Java VM: Java HotSpot(TM) 64-Bit Server VM (24.80-b11 mixed mode linux-amd64 compressed oops)
# Failed to write core dump. Core dumps have been disabled. To enable core dumping, try "ulimit -c unlimited" before starting Java again
#
# If you would like to submit a bug report, please visit:
#   http://bugreport.java.com/bugreport/crash.jsp
#

---------------  T H R E A D  ---------------

Current thread (0x00007f4d0400a000):  JavaThread "Unknown thread" [_thread_in_vm, id=4486, stack(0x00007f4d0d84c000,0x00007f4d0d94d000)]

Stack: [0x00007f4d0d84c000,0x00007f4d0d94d000],  sp=0x00007f4d0d94b780,  free space=1021k
Native frames: (J=compiled Java code, j=interpreted, Vv=VM code, C=native code)
V  [libjvm.so+0x9a320a]  VMError::report_and_die()+0x2ea
V  [libjvm.so+0x4990f9]  report_fatal(char const*, int, char const*)+0x59
V  [libjvm.so+0x60a195]  compute_offset(int&, klassOopDesc*, Symbol*, Symbol*, bool)+0x135
V  [libjvm.so+0x60b149]  java_lang_String::compute_offsets()+0x49
V  [libjvm.so+0x9290f5]  SystemDictionary::initialize_preloaded_classes(Thread*)+0x235
V  [libjvm.so+0x976ad4]  Universe::genesis(Thread*)+0x494
V  [libjvm.so+0x976f89]  universe2_init()+0x29
V  [libjvm.so+0x5b2f7d]  init_globals()+0xbd
V  [libjvm.so+0x95db4d]  Threads::create_vm(JavaVMInitArgs*, bool*)+0x1ed
V  [libjvm.so+0x63b2e4]  JNI_CreateJavaVM+0x74
C  [libjli.so+0x2f8e]  JavaMain+0x9e


---------------  P R O C E S S  ---------------

Java Threads: ( => current thread )

Other Threads:

=>0x00007f4d0400a000 (exited) JavaThread "Unknown thread" [_thread_in_vm, id=4486, stack(0x00007f4d0d84c000,0x00007f4d0d94d000)]

VM state:not at safepoint (not fully initialized)

VM Mutex/Monitor currently owned by a thread: None

GC Heap History (0 events):
No events

Deoptimization events (0 events):
No events

Internal exceptions (0 events):
No events

Events (10 events):
Event: 0.009 loading class 0x00007f4d080de710 done
Event: 0.010 loading class 0x00007f4d080de110 done
Event: 0.010 loading class 0x00007f4d080de0f0
Event: 0.010 loading class 0x00007f4d080e62a0
Event: 0.010 loading class 0x00007f4d080e62a0 done
Event: 0.010 loading class 0x00007f4d080e62d0
Event: 0.010 loading class 0x00007f4d080e62d0 done
Event: 0.010 loading class 0x00007f4d080e6300
Event: 0.010 loading class 0x00007f4d080e6300 done
Event: 0.010 loading class 0x00007f4d080de0f0 done


Dynamic libraries:
00400000-00401000 r-xp 00000000 08:01 6720557                            /usr/lib/jvm/java-7-oracle/bin/java
00600000-00601000 rw-p 00000000 08:01 6720557                            /usr/lib/jvm/java-7-oracle/bin/java
0232e000-0234f000 rw-p 00000000 00:00 0                                  [heap]
bf200000-c0700000 rw-p 00000000 00:00 0 
c0700000-c4400000 rw-p 00000000 00:00 0 
c4400000-c6b80000 rw-p 00000000 00:00 0 
c6b80000-ec100000 rw-p 00000000 00:00 0 
ec100000-ed500000 rw-p 00000000 00:00 0 
ed500000-100000000 rw-p 00000000 00:00 0 
7f4cec000000-7f4cec021000 rw-p 00000000 00:00 0 
7f4cec021000-7f4cf0000000 ---p 00000000 00:00 0 
7f4cf4000000-7f4cf4021000 rw-p 00000000 00:00 0 
7f4cf4021000-7f4cf8000000 ---p 00000000 00:00 0 
7f4cf8000000-7f4cf8021000 rw-p 00000000 00:00 0 
7f4cf8021000-7f4cfc000000 ---p 00000000 00:00 0 
7f4cfc000000-7f4cfc021000 rw-p 00000000 00:00 0 
7f4cfc021000-7f4d00000000 ---p 00000000 00:00 0 
7f4d00cc2000-7f4d00f0b000 rw-p 00000000 00:00 0 
7f4d00f0b000-7f4d01000000 r--s 017dd000 08:01 1838754                    /home/johndalealfredjulian/Desktop/android-sdk-linux/platforms/android-22/android.jar
7f4d01000000-7f4d01270000 rwxp 00000000 00:00 0 
7f4d01270000-7f4d04056000 rw-p 00000000 00:00 0 
7f4d04056000-7f4d08000000 ---p 00000000 00:00 0 
7f4d0803d000-7f4d0a3d8000 rw-p 00000000 00:00 0 
7f4d0a3d8000-7f4d0a3d9000 ---p 00000000 00:00 0 
7f4d0a3d9000-7f4d0a4d9000 rw-p 00000000 00:00 0                          [stack:4490]
7f4d0a4d9000-7f4d0a4da000 ---p 00000000 00:00 0 
7f4d0a4da000-7f4d0a5da000 rw-p 00000000 00:00 0                          [stack:4489]
7f4d0a5da000-7f4d0a5db000 ---p 00000000 00:00 0 
7f4d0a5db000-7f4d0a6db000 rw-p 00000000 00:00 0                          [stack:4488]
7f4d0a6db000-7f4d0a6dc000 ---p 00000000 00:00 0 
7f4d0a6dc000-7f4d0a7e7000 rw-p 00000000 00:00 0                          [stack:4487]
7f4d0a7e7000-7f4d0a805000 rw-p 00000000 00:00 0 
7f4d0a805000-7f4d0a819000 rw-p 00000000 00:00 0 
7f4d0a819000-7f4d0a944000 rw-p 00000000 00:00 0 
7f4d0a944000-7f4d0a94f000 rw-p 00000000 00:00 0 
7f4d0a94f000-7f4d0a96d000 rw-p 00000000 00:00 0 
7f4d0a96d000-7f4d0a981000 rw-p 00000000 00:00 0 
7f4d0a981000-7f4d0aaab000 rw-p 00000000 00:00 0 
7f4d0aaab000-7f4d0aab6000 rw-p 00000000 00:00 0 
7f4d0aab6000-7f4d0ab4b000 rw-p 00000000 00:00 0 
7f4d0ab4b000-7f4d0ab4c000 rw-p 00000000 00:00 0 
7f4d0ab4c000-7f4d0ab63000 r-xp 00000000 08:01 6720698                    /usr/lib/jvm/java-7-oracle/jre/lib/amd64/libzip.so
7f4d0ab63000-7f4d0ad63000 ---p 00017000 08:01 6720698                    /usr/lib/jvm/java-7-oracle/jre/lib/amd64/libzip.so
7f4d0ad63000-7f4d0ad64000 rw-p 00017000 08:01 6720698                    /usr/lib/jvm/java-7-oracle/jre/lib/amd64/libzip.so
7f4d0ad64000-7f4d0ad70000 r-xp 00000000 08:01 1048698                    /lib/x86_64-linux-gnu/libnss_files-2.15.so
7f4d0ad70000-7f4d0af6f000 ---p 0000c000 08:01 1048698                    /lib/x86_64-linux-gnu/libnss_files-2.15.so
7f4d0af6f000-7f4d0af70000 r--p 0000b000 08:01 1048698                    /lib/x86_64-linux-gnu/libnss_files-2.15.so
7f4d0af70000-7f4d0af71000 rw-p 0000c000 08:01 1048698                    /lib/x86_64-linux-gnu/libnss_files-2.15.so
7f4d0af71000-7f4d0af7b000 r-xp 00000000 08:01 1048598                    /lib/x86_64-linux-gnu/libnss_nis-2.15.so
7f4d0af7b000-7f4d0b17b000 ---p 0000a000 08:01 1048598                    /lib/x86_64-linux-gnu/libnss_nis-2.15.so
7f4d0b17b000-7f4d0b17c000 r--p 0000a000 08:01 1048598                    /lib/x86_64-linux-gnu/libnss_nis-2.15.so
7f4d0b17c000-7f4d0b17d000 rw-p 0000b000 08:01 1048598                    /lib/x86_64-linux-gnu/libnss_nis-2.15.so
7f4d0b17d000-7f4d0b194000 r-xp 00000000 08:01 1052761                    /lib/x86_64-linux-gnu/libnsl-2.15.so
7f4d0b194000-7f4d0b393000 ---p 00017000 08:01 1052761                    /lib/x86_64-linux-gnu/libnsl-2.15.so
7f4d0b393000-7f4d0b394000 r--p 00016000 08:01 1052761                    /lib/x86_64-linux-gnu/libnsl-2.15.so
7f4d0b394000-7f4d0b395000 rw-p 00017000 08:01 1052761                    /lib/x86_64-linux-gnu/libnsl-2.15.so
7f4d0b395000-7f4d0b397000 rw-p 00000000 00:00 0 
7f4d0b397000-7f4d0b39f000 r-xp 00000000 08:01 1052762                    /lib/x86_64-linux-gnu/libnss_compat-2.15.so
7f4d0b39f000-7f4d0b59e000 ---p 00008000 08:01 1052762                    /lib/x86_64-linux-gnu/libnss_compat-2.15.so
7f4d0b59e000-7f4d0b59f000 r--p 00007000 08:01 1052762                    /lib/x86_64-linux-gnu/libnss_compat-2.15.so
7f4d0b59f000-7f4d0b5a0000 rw-p 00008000 08:01 1052762                    /lib/x86_64-linux-gnu/libnss_compat-2.15.so
7f4d0b5a0000-7f4d0b5c9000 r-xp 00000000 08:01 6720720                    /usr/lib/jvm/java-7-oracle/jre/lib/amd64/libjava.so
7f4d0b5c9000-7f4d0b7c9000 ---p 00029000 08:01 6720720                    /usr/lib/jvm/java-7-oracle/jre/lib/amd64/libjava.so
7f4d0b7c9000-7f4d0b7cb000 rw-p 00029000 08:01 6720720                    /usr/lib/jvm/java-7-oracle/jre/lib/amd64/libjava.so
7f4d0b7cb000-7f4d0b7d8000 r-xp 00000000 08:01 6720725                    /usr/lib/jvm/java-7-oracle/jre/lib/amd64/libverify.so
7f4d0b7d8000-7f4d0b9d7000 ---p 0000d000 08:01 6720725                    /usr/lib/jvm/java-7-oracle/jre/lib/amd64/libverify.so
7f4d0b9d7000-7f4d0b9d9000 rw-p 0000c000 08:01 6720725                    /usr/lib/jvm/java-7-oracle/jre/lib/amd64/libverify.so
7f4d0b9d9000-7f4d0b9e0000 r-xp 00000000 08:01 1048700                    /lib/x86_64-linux-gnu/librt-2.15.so
7f4d0b9e0000-7f4d0bbdf000 ---p 00007000 08:01 1048700                    /lib/x86_64-linux-gnu/librt-2.15.so
7f4d0bbdf000-7f4d0bbe0000 r--p 00006000 08:01 1048700                    /lib/x86_64-linux-gnu/librt-2.15.so
7f4d0bbe0000-7f4d0bbe1000 rw-p 00007000 08:01 1048700                    /lib/x86_64-linux-gnu/librt-2.15.so
7f4d0bbe1000-7f4d0bcdc000 r-xp 00000000 08:01 1048695                    /lib/x86_64-linux-gnu/libm-2.15.so
7f4d0bcdc000-7f4d0bedb000 ---p 000fb000 08:01 1048695                    /lib/x86_64-linux-gnu/libm-2.15.so
7f4d0bedb000-7f4d0bedc000 r--p 000fa000 08:01 1048695                    /lib/x86_64-linux-gnu/libm-2.15.so
7f4d0bedc000-7f4d0bedd000 rw-p 000fb000 08:01 1048695                    /lib/x86_64-linux-gnu/libm-2.15.so
7f4d0bedd000-7f4d0ca53000 r-xp 00000000 08:01 6720741                    /usr/lib/jvm/java-7-oracle/jre/lib/amd64/server/libjvm.so
7f4d0ca53000-7f4d0cc52000 ---p 00b76000 08:01 6720741                    /usr/lib/jvm/java-7-oracle/jre/lib/amd64/server/libjvm.so
7f4d0cc52000-7f4d0cd16000 rw-p 00b75000 08:01 6720741                    /usr/lib/jvm/java-7-oracle/jre/lib/amd64/server/libjvm.so
7f4d0cd16000-7f4d0cd57000 rw-p 00000000 00:00 0 
7f4d0cd57000-7f4d0cf0b000 r-xp 00000000 08:01 1052760                    /lib/x86_64-linux-gnu/libc-2.15.so
7f4d0cf0b000-7f4d0d10a000 ---p 001b4000 08:01 1052760                    /lib/x86_64-linux-gnu/libc-2.15.so
7f4d0d10a000-7f4d0d10e000 r--p 001b3000 08:01 1052760                    /lib/x86_64-linux-gnu/libc-2.15.so
7f4d0d10e000-7f4d0d110000 rw-p 001b7000 08:01 1052760                    /lib/x86_64-linux-gnu/libc-2.15.so
7f4d0d110000-7f4d0d115000 rw-p 00000000 00:00 0 
7f4d0d115000-7f4d0d117000 r-xp 00000000 08:01 1052764                    /lib/x86_64-linux-gnu/libdl-2.15.so
7f4d0d117000-7f4d0d317000 ---p 00002000 08:01 1052764                    /lib/x86_64-linux-gnu/libdl-2.15.so
7f4d0d317000-7f4d0d318000 r--p 00002000 08:01 1052764                    /lib/x86_64-linux-gnu/libdl-2.15.so
7f4d0d318000-7f4d0d319000 rw-p 00003000 08:01 1052764                    /lib/x86_64-linux-gnu/libdl-2.15.so
7f4d0d319000-7f4d0d32e000 r-xp 00000000 08:01 6427411                    /usr/lib/jvm/java-7-oracle/lib/amd64/jli/libjli.so
7f4d0d32e000-7f4d0d52d000 ---p 00015000 08:01 6427411                    /usr/lib/jvm/java-7-oracle/lib/amd64/jli/libjli.so
7f4d0d52d000-7f4d0d52e000 rw-p 00014000 08:01 6427411                    /usr/lib/jvm/java-7-oracle/lib/amd64/jli/libjli.so
7f4d0d52e000-7f4d0d546000 r-xp 00000000 08:01 1048697                    /lib/x86_64-linux-gnu/libpthread-2.15.so
7f4d0d546000-7f4d0d745000 ---p 00018000 08:01 1048697                    /lib/x86_64-linux-gnu/libpthread-2.15.so
7f4d0d745000-7f4d0d746000 r--p 00017000 08:01 1048697                    /lib/x86_64-linux-gnu/libpthread-2.15.so
7f4d0d746000-7f4d0d747000 rw-p 00018000 08:01 1048697                    /lib/x86_64-linux-gnu/libpthread-2.15.so
7f4d0d747000-7f4d0d74b000 rw-p 00000000 00:00 0 
7f4d0d74b000-7f4d0d76d000 r-xp 00000000 08:01 1048699                    /lib/x86_64-linux-gnu/ld-2.15.so
7f4d0d777000-7f4d0d796000 rw-p 00000000 00:00 0 
7f4d0d796000-7f4d0d84c000 rw-p 00000000 00:00 0 
7f4d0d84c000-7f4d0d84f000 ---p 00000000 00:00 0 
7f4d0d84f000-7f4d0d951000 rw-p 00000000 00:00 0                          [stack:4486]
7f4d0d95f000-7f4d0d961000 rw-p 00000000 00:00 0 
7f4d0d961000-7f4d0d969000 rw-s 00000000 08:01 4853761                    /tmp/hsperfdata_johndalealfredjulian/4481
7f4d0d969000-7f4d0d96a000 rw-p 00000000 00:00 0 
7f4d0d96a000-7f4d0d96b000 r--p 00000000 00:00 0 
7f4d0d96b000-7f4d0d96d000 rw-p 00000000 00:00 0 
7f4d0d96d000-7f4d0d96e000 r--p 00022000 08:01 1048699                    /lib/x86_64-linux-gnu/ld-2.15.so
7f4d0d96e000-7f4d0d970000 rw-p 00023000 08:01 1048699                    /lib/x86_64-linux-gnu/ld-2.15.so
7fffd9c38000-7fffd9c59000 rw-p 00000000 00:00 0                          [stack]
7fffd9dfe000-7fffd9e00000 r-xp 00000000 00:00 0                          [vdso]
ffffffffff600000-ffffffffff601000 r-xp 00000000 00:00 0                  [vsyscall]

VM Arguments:
jvm_args: -Dfile.encoding=UTF-8 -Xbootclasspath:/home/johndalealfredjulian/Desktop/android-sdk-linux/platforms/android-22/android.jar 
java_command: com.example.geoquiz.QuizActivity
Launcher Type: SUN_STANDARD

Environment Variables:
PATH=/usr/lib/lightdm/lightdm:/usr/local/sbin:/usr/local/bin:/usr/sbin:/usr/bin:/sbin:/bin:/usr/games
SHELL=/bin/bash
DISPLAY=:0.0

Signal Handlers:
SIGSEGV: [libjvm.so+0x9a3b20], sa_mask[0]=0x7ffbfeff, sa_flags=0x10000004
SIGBUS: [libjvm.so+0x9a3b20], sa_mask[0]=0x7ffbfeff, sa_flags=0x10000004
SIGFPE: [libjvm.so+0x81e740], sa_mask[0]=0x7ffbfeff, sa_flags=0x10000004
SIGPIPE: [libjvm.so+0x81e740], sa_mask[0]=0x7ffbfeff, sa_flags=0x10000004
SIGXFSZ: [libjvm.so+0x81e740], sa_mask[0]=0x7ffbfeff, sa_flags=0x10000004
SIGILL: [libjvm.so+0x81e740], sa_mask[0]=0x7ffbfeff, sa_flags=0x10000004
SIGUSR1: SIG_DFL, sa_mask[0]=0x00000000, sa_flags=0x00000000
SIGUSR2: [libjvm.so+0x81ffb0], sa_mask[0]=0x00000004, sa_flags=0x10000004
SIGHUP: SIG_DFL, sa_mask[0]=0x00000000, sa_flags=0x00000000
SIGINT: SIG_DFL, sa_mask[0]=0x00000000, sa_flags=0x00000000
SIGTERM: SIG_DFL, sa_mask[0]=0x00000000, sa_flags=0x00000000
SIGQUIT: SIG_DFL, sa_mask[0]=0x00000000, sa_flags=0x00000000


---------------  S Y S T E M  ---------------

OS:wheezy/sid

uname:Linux 3.13.0-32-generic #57~precise1-Ubuntu SMP Tue Jul 15 03:51:20 UTC 2014 x86_64
libc:glibc 2.15 NPTL 2.15 
rlimit: STACK 8192k, CORE 0k, NPROC 30380, NOFILE 4096, AS infinity
load average:3.03 3.10 2.82

/proc/meminfo:
MemTotal:        3909768 kB
MemFree:          373212 kB
Buffers:           33332 kB
Cached:           568408 kB
SwapCached:       140796 kB
Active:          2153288 kB
Inactive:         687440 kB
Active(anon):    1942164 kB
Inactive(anon):   420752 kB
Active(file):     211124 kB
Inactive(file):   266688 kB
Unevictable:          16 kB
Mlocked:              16 kB
SwapTotal:       4052988 kB
SwapFree:        3191916 kB
Dirty:               348 kB
Writeback:             0 kB
AnonPages:       2124968 kB
Mapped:           210332 kB
Shmem:            123924 kB
Slab:             106752 kB
SReclaimable:      51936 kB
SUnreclaim:        54816 kB
KernelStack:        5056 kB
PageTables:        43232 kB
NFS_Unstable:          0 kB
Bounce:                0 kB
WritebackTmp:          0 kB
CommitLimit:     6007872 kB
Committed_AS:    8065972 kB
VmallocTotal:   34359738367 kB
VmallocUsed:       95160 kB
VmallocChunk:   34359628668 kB
HardwareCorrupted:     0 kB
AnonHugePages:    712704 kB
HugePages_Total:       0
HugePages_Free:        0
HugePages_Rsvd:        0
HugePages_Surp:        0
Hugepagesize:       2048 kB
DirectMap4k:       67252 kB
DirectMap2M:     3987456 kB


CPU:total 4 (2 cores per cpu, 2 threads per core) family 6 model 37 stepping 2, cmov, cx8, fxsr, mmx, sse, sse2, sse3, ssse3, sse4.1, sse4.2, popcnt, aes, ht, tsc, tscinvbit

/proc/cpuinfo:
processor	: 0
vendor_id	: GenuineIntel
cpu family	: 6
model		: 37
model name	: Intel(R) Core(TM) i5 CPU         650  @ 3.20GHz
stepping	: 2
microcode	: 0x9
cpu MHz		: 3333.000
cache size	: 4096 KB
physical id	: 0
siblings	: 4
core id		: 0
cpu cores	: 2
apicid		: 0
initial apicid	: 0
fpu		: yes
fpu_exception	: yes
cpuid level	: 11
wp		: yes
flags		: fpu vme de pse tsc msr pae mce cx8 apic sep mtrr pge mca cmov pat pse36 clflush dts acpi mmx fxsr sse sse2 ss ht tm pbe syscall nx rdtscp lm constant_tsc arch_perfmon pebs bts rep_good nopl xtopology nonstop_tsc aperfmperf pni pclmulqdq dtes64 monitor ds_cpl vmx smx est tm2 ssse3 cx16 xtpr pdcm sse4_1 sse4_2 popcnt aes lahf_lm ida arat dtherm tpr_shadow vnmi flexpriority ept vpid
bogomips	: 6384.20
clflush size	: 64
cache_alignment	: 64
address sizes	: 36 bits physical, 48 bits virtual
power management:

processor	: 1
vendor_id	: GenuineIntel
cpu family	: 6
model		: 37
model name	: Intel(R) Core(TM) i5 CPU         650  @ 3.20GHz
stepping	: 2
microcode	: 0x9
cpu MHz		: 3333.000
cache size	: 4096 KB
physical id	: 0
siblings	: 4
core id		: 0
cpu cores	: 2
apicid		: 1
initial apicid	: 1
fpu		: yes
fpu_exception	: yes
cpuid level	: 11
wp		: yes
flags		: fpu vme de pse tsc msr pae mce cx8 apic sep mtrr pge mca cmov pat pse36 clflush dts acpi mmx fxsr sse sse2 ss ht tm pbe syscall nx rdtscp lm constant_tsc arch_perfmon pebs bts rep_good nopl xtopology nonstop_tsc aperfmperf pni pclmulqdq dtes64 monitor ds_cpl vmx smx est tm2 ssse3 cx16 xtpr pdcm sse4_1 sse4_2 popcnt aes lahf_lm ida arat dtherm tpr_shadow vnmi flexpriority ept vpid
bogomips	: 6384.20
clflush size	: 64
cache_alignment	: 64
address sizes	: 36 bits physical, 48 bits virtual
power management:

processor	: 2
vendor_id	: GenuineIntel
cpu family	: 6
model		: 37
model name	: Intel(R) Core(TM) i5 CPU         650  @ 3.20GHz
stepping	: 2
microcode	: 0x9
cpu MHz		: 3333.000
cache size	: 4096 KB
physical id	: 0
siblings	: 4
core id		: 2
cpu cores	: 2
apicid		: 5
initial apicid	: 5
fpu		: yes
fpu_exception	: yes
cpuid level	: 11
wp		: yes
flags		: fpu vme de pse tsc msr pae mce cx8 apic sep mtrr pge mca cmov pat pse36 clflush dts acpi mmx fxsr sse sse2 ss ht tm pbe syscall nx rdtscp lm constant_tsc arch_perfmon pebs bts rep_good nopl xtopology nonstop_tsc aperfmperf pni pclmulqdq dtes64 monitor ds_cpl vmx smx est tm2 ssse3 cx16 xtpr pdcm sse4_1 sse4_2 popcnt aes lahf_lm ida arat dtherm tpr_shadow vnmi flexpriority ept vpid
bogomips	: 6384.20
clflush size	: 64
cache_alignment	: 64
address sizes	: 36 bits physical, 48 bits virtual
power management:

processor	: 3
vendor_id	: GenuineIntel
cpu family	: 6
model		: 37
model name	: Intel(R) Core(TM) i5 CPU         650  @ 3.20GHz
stepping	: 2
microcode	: 0x9
cpu MHz		: 3333.000
cache size	: 4096 KB
physical id	: 0
siblings	: 4
core id		: 2
cpu cores	: 2
apicid		: 4
initial apicid	: 4
fpu		: yes
fpu_exception	: yes
cpuid level	: 11
wp		: yes
flags		: fpu vme de pse tsc msr pae mce cx8 apic sep mtrr pge mca cmov pat pse36 clflush dts acpi mmx fxsr sse sse2 ss ht tm pbe syscall nx rdtscp lm constant_tsc arch_perfmon pebs bts rep_good nopl xtopology nonstop_tsc aperfmperf pni pclmulqdq dtes64 monitor ds_cpl vmx smx est tm2 ssse3 cx16 xtpr pdcm sse4_1 sse4_2 popcnt aes lahf_lm ida arat dtherm tpr_shadow vnmi flexpriority ept vpid
bogomips	: 6384.20
clflush size	: 64
cache_alignment	: 64
address sizes	: 36 bits physical, 48 bits virtual
power management:



Memory: 4k page, physical 3909768k(373212k free), swap 4052988k(3191916k free)

vm_info: Java HotSpot(TM) 64-Bit Server VM (24.80-b11) for linux-amd64 JRE (1.7.0_80-b15), built on Apr 10 2015 19:53:14 by "java_re" with gcc 4.3.0 20080428 (Red Hat 4.3.0-8)

time: Tue May 26 12:28:18 2015
elapsed time: 0 seconds

