#
# A fatal error has been detected by the Java Runtime Environment:
#
#  Internal Error (javaClasses.cpp:137), pid=4467, tid=140197128898304
#  fatal error: Invalid layout of preloaded class
#
# JRE version:  (7.0_80-b15) (build )
# Java VM: Java HotSpot(TM) 64-Bit Server VM (24.80-b11 mixed mode linux-amd64 compressed oops)
# Failed to write core dump. Core dumps have been disabled. To enable core dumping, try "ulimit -c unlimited" before starting Java again
#
# If you would like to submit a bug report, please visit:
#   http://bugreport.java.com/bugreport/crash.jsp
#

---------------  T H R E A D  ---------------

Current thread (0x00007f822800a000):  JavaThread "Unknown thread" [_thread_in_vm, id=4468, stack(0x00007f8230010000,0x00007f8230111000)]

Stack: [0x00007f8230010000,0x00007f8230111000],  sp=0x00007f823010f780,  free space=1021k
Native frames: (J=compiled Java code, j=interpreted, Vv=VM code, C=native code)
V  [libjvm.so+0x9a320a]  VMError::report_and_die()+0x2ea
V  [libjvm.so+0x4990f9]  report_fatal(char const*, int, char const*)+0x59
V  [libjvm.so+0x60a195]  compute_offset(int&, klassOopDesc*, Symbol*, Symbol*, bool)+0x135
V  [libjvm.so+0x60b149]  java_lang_String::compute_offsets()+0x49
V  [libjvm.so+0x9290f5]  SystemDictionary::initialize_preloaded_classes(Thread*)+0x235
V  [libjvm.so+0x976ad4]  Universe::genesis(Thread*)+0x494
V  [libjvm.so+0x976f89]  universe2_init()+0x29
V  [libjvm.so+0x5b2f7d]  init_globals()+0xbd
V  [libjvm.so+0x95db4d]  Threads::create_vm(JavaVMInitArgs*, bool*)+0x1ed
V  [libjvm.so+0x63b2e4]  JNI_CreateJavaVM+0x74
C  [libjli.so+0x2f8e]  JavaMain+0x9e


---------------  P R O C E S S  ---------------

Java Threads: ( => current thread )

Other Threads:

=>0x00007f822800a000 (exited) JavaThread "Unknown thread" [_thread_in_vm, id=4468, stack(0x00007f8230010000,0x00007f8230111000)]

VM state:not at safepoint (not fully initialized)

VM Mutex/Monitor currently owned by a thread: None

GC Heap History (0 events):
No events

Deoptimization events (0 events):
No events

Internal exceptions (0 events):
No events

Events (10 events):
Event: 0.011 loading class 0x00007f822c912710 done
Event: 0.011 loading class 0x00007f822c912110 done
Event: 0.011 loading class 0x00007f822c9120f0
Event: 0.011 loading class 0x00007f822c91a2a0
Event: 0.011 loading class 0x00007f822c91a2a0 done
Event: 0.011 loading class 0x00007f822c91a2d0
Event: 0.011 loading class 0x00007f822c91a2d0 done
Event: 0.011 loading class 0x00007f822c91a300
Event: 0.011 loading class 0x00007f822c91a300 done
Event: 0.011 loading class 0x00007f822c9120f0 done


Dynamic libraries:
00400000-00401000 r-xp 00000000 08:01 6720557                            /usr/lib/jvm/java-7-oracle/bin/java
00600000-00601000 rw-p 00000000 08:01 6720557                            /usr/lib/jvm/java-7-oracle/bin/java
023fc000-0241d000 rw-p 00000000 00:00 0                                  [heap]
bf200000-c0700000 rw-p 00000000 00:00 0 
c0700000-c4400000 rw-p 00000000 00:00 0 
c4400000-c6b80000 rw-p 00000000 00:00 0 
c6b80000-ec100000 rw-p 00000000 00:00 0 
ec100000-ed500000 rw-p 00000000 00:00 0 
ed500000-100000000 rw-p 00000000 00:00 0 
7f820c000000-7f820c021000 rw-p 00000000 00:00 0 
7f820c021000-7f8210000000 ---p 00000000 00:00 0 
7f8210000000-7f8210021000 rw-p 00000000 00:00 0 
7f8210021000-7f8214000000 ---p 00000000 00:00 0 
7f8214000000-7f8214021000 rw-p 00000000 00:00 0 
7f8214021000-7f8218000000 ---p 00000000 00:00 0 
7f821c000000-7f821c021000 rw-p 00000000 00:00 0 
7f821c021000-7f8220000000 ---p 00000000 00:00 0 
7f8222f90000-7f8225000000 rw-p 00000000 00:00 0 
7f8225000000-7f8225270000 rwxp 00000000 00:00 0 
7f8225270000-7f8228056000 rw-p 00000000 00:00 0 
7f8228056000-7f822c000000 ---p 00000000 00:00 0 
7f822c533000-7f822c7a7000 rw-p 00000000 00:00 0 
7f822c7a7000-7f822c89c000 r--s 017dd000 08:01 1838754                    /home/johndalealfredjulian/Desktop/android-sdk-linux/platforms/android-22/android.jar
7f822c89c000-7f822cb9c000 rw-p 00000000 00:00 0 
7f822cb9c000-7f822cb9d000 ---p 00000000 00:00 0 
7f822cb9d000-7f822cc9d000 rw-p 00000000 00:00 0                          [stack:4476]
7f822cc9d000-7f822cc9e000 ---p 00000000 00:00 0 
7f822cc9e000-7f822cd9e000 rw-p 00000000 00:00 0                          [stack:4475]
7f822cd9e000-7f822cd9f000 ---p 00000000 00:00 0 
7f822cd9f000-7f822ce9f000 rw-p 00000000 00:00 0                          [stack:4474]
7f822ce9f000-7f822cea0000 ---p 00000000 00:00 0 
7f822cea0000-7f822cfab000 rw-p 00000000 00:00 0                          [stack:4473]
7f822cfab000-7f822cfc9000 rw-p 00000000 00:00 0 
7f822cfc9000-7f822cfdd000 rw-p 00000000 00:00 0 
7f822cfdd000-7f822d108000 rw-p 00000000 00:00 0 
7f822d108000-7f822d113000 rw-p 00000000 00:00 0 
7f822d113000-7f822d131000 rw-p 00000000 00:00 0 
7f822d131000-7f822d145000 rw-p 00000000 00:00 0 
7f822d145000-7f822d26f000 rw-p 00000000 00:00 0 
7f822d26f000-7f822d27a000 rw-p 00000000 00:00 0 
7f822d27a000-7f822d30f000 rw-p 00000000 00:00 0 
7f822d30f000-7f822d310000 rw-p 00000000 00:00 0 
7f822d310000-7f822d327000 r-xp 00000000 08:01 6720698                    /usr/lib/jvm/java-7-oracle/jre/lib/amd64/libzip.so
7f822d327000-7f822d527000 ---p 00017000 08:01 6720698                    /usr/lib/jvm/java-7-oracle/jre/lib/amd64/libzip.so
7f822d527000-7f822d528000 rw-p 00017000 08:01 6720698                    /usr/lib/jvm/java-7-oracle/jre/lib/amd64/libzip.so
7f822d528000-7f822d534000 r-xp 00000000 08:01 1048698                    /lib/x86_64-linux-gnu/libnss_files-2.15.so
7f822d534000-7f822d733000 ---p 0000c000 08:01 1048698                    /lib/x86_64-linux-gnu/libnss_files-2.15.so
7f822d733000-7f822d734000 r--p 0000b000 08:01 1048698                    /lib/x86_64-linux-gnu/libnss_files-2.15.so
7f822d734000-7f822d735000 rw-p 0000c000 08:01 1048698                    /lib/x86_64-linux-gnu/libnss_files-2.15.so
7f822d735000-7f822d73f000 r-xp 00000000 08:01 1048598                    /lib/x86_64-linux-gnu/libnss_nis-2.15.so
7f822d73f000-7f822d93f000 ---p 0000a000 08:01 1048598                    /lib/x86_64-linux-gnu/libnss_nis-2.15.so
7f822d93f000-7f822d940000 r--p 0000a000 08:01 1048598                    /lib/x86_64-linux-gnu/libnss_nis-2.15.so
7f822d940000-7f822d941000 rw-p 0000b000 08:01 1048598                    /lib/x86_64-linux-gnu/libnss_nis-2.15.so
7f822d941000-7f822d958000 r-xp 00000000 08:01 1052761                    /lib/x86_64-linux-gnu/libnsl-2.15.so
7f822d958000-7f822db57000 ---p 00017000 08:01 1052761                    /lib/x86_64-linux-gnu/libnsl-2.15.so
7f822db57000-7f822db58000 r--p 00016000 08:01 1052761                    /lib/x86_64-linux-gnu/libnsl-2.15.so
7f822db58000-7f822db59000 rw-p 00017000 08:01 1052761                    /lib/x86_64-linux-gnu/libnsl-2.15.so
7f822db59000-7f822db5b000 rw-p 00000000 00:00 0 
7f822db5b000-7f822db63000 r-xp 00000000 08:01 1052762                    /lib/x86_64-linux-gnu/libnss_compat-2.15.so
7f822db63000-7f822dd62000 ---p 00008000 08:01 1052762                    /lib/x86_64-linux-gnu/libnss_compat-2.15.so
7f822dd62000-7f822dd63000 r--p 00007000 08:01 1052762                    /lib/x86_64-linux-gnu/libnss_compat-2.15.so
7f822dd63000-7f822dd64000 rw-p 00008000 08:01 1052762                    /lib/x86_64-linux-gnu/libnss_compat-2.15.so
7f822dd64000-7f822dd8d000 r-xp 00000000 08:01 6720720                    /usr/lib/jvm/java-7-oracle/jre/lib/amd64/libjava.so
7f822dd8d000-7f822df8d000 ---p 00029000 08:01 6720720                    /usr/lib/jvm/java-7-oracle/jre/lib/amd64/libjava.so
7f822df8d000-7f822df8f000 rw-p 00029000 08:01 6720720                    /usr/lib/jvm/java-7-oracle/jre/lib/amd64/libjava.so
7f822df8f000-7f822df9c000 r-xp 00000000 08:01 6720725                    /usr/lib/jvm/java-7-oracle/jre/lib/amd64/libverify.so
7f822df9c000-7f822e19b000 ---p 0000d000 08:01 6720725                    /usr/lib/jvm/java-7-oracle/jre/lib/amd64/libverify.so
7f822e19b000-7f822e19d000 rw-p 0000c000 08:01 6720725                    /usr/lib/jvm/java-7-oracle/jre/lib/amd64/libverify.so
7f822e19d000-7f822e1a4000 r-xp 00000000 08:01 1048700                    /lib/x86_64-linux-gnu/librt-2.15.so
7f822e1a4000-7f822e3a3000 ---p 00007000 08:01 1048700                    /lib/x86_64-linux-gnu/librt-2.15.so
7f822e3a3000-7f822e3a4000 r--p 00006000 08:01 1048700                    /lib/x86_64-linux-gnu/librt-2.15.so
7f822e3a4000-7f822e3a5000 rw-p 00007000 08:01 1048700                    /lib/x86_64-linux-gnu/librt-2.15.so
7f822e3a5000-7f822e4a0000 r-xp 00000000 08:01 1048695                    /lib/x86_64-linux-gnu/libm-2.15.so
7f822e4a0000-7f822e69f000 ---p 000fb000 08:01 1048695                    /lib/x86_64-linux-gnu/libm-2.15.so
7f822e69f000-7f822e6a0000 r--p 000fa000 08:01 1048695                    /lib/x86_64-linux-gnu/libm-2.15.so
7f822e6a0000-7f822e6a1000 rw-p 000fb000 08:01 1048695                    /lib/x86_64-linux-gnu/libm-2.15.so
7f822e6a1000-7f822f217000 r-xp 00000000 08:01 6720741                    /usr/lib/jvm/java-7-oracle/jre/lib/amd64/server/libjvm.so
7f822f217000-7f822f416000 ---p 00b76000 08:01 6720741                    /usr/lib/jvm/java-7-oracle/jre/lib/amd64/server/libjvm.so
7f822f416000-7f822f4da000 rw-p 00b75000 08:01 6720741                    /usr/lib/jvm/java-7-oracle/jre/lib/amd64/server/libjvm.so
7f822f4da000-7f822f51b000 rw-p 00000000 00:00 0 
7f822f51b000-7f822f6cf000 r-xp 00000000 08:01 1052760                    /lib/x86_64-linux-gnu/libc-2.15.so
7f822f6cf000-7f822f8ce000 ---p 001b4000 08:01 1052760                    /lib/x86_64-linux-gnu/libc-2.15.so
7f822f8ce000-7f822f8d2000 r--p 001b3000 08:01 1052760                    /lib/x86_64-linux-gnu/libc-2.15.so
7f822f8d2000-7f822f8d4000 rw-p 001b7000 08:01 1052760                    /lib/x86_64-linux-gnu/libc-2.15.so
7f822f8d4000-7f822f8d9000 rw-p 00000000 00:00 0 
7f822f8d9000-7f822f8db000 r-xp 00000000 08:01 1052764                    /lib/x86_64-linux-gnu/libdl-2.15.so
7f822f8db000-7f822fadb000 ---p 00002000 08:01 1052764                    /lib/x86_64-linux-gnu/libdl-2.15.so
7f822fadb000-7f822fadc000 r--p 00002000 08:01 1052764                    /lib/x86_64-linux-gnu/libdl-2.15.so
7f822fadc000-7f822fadd000 rw-p 00003000 08:01 1052764                    /lib/x86_64-linux-gnu/libdl-2.15.so
7f822fadd000-7f822faf2000 r-xp 00000000 08:01 6427411                    /usr/lib/jvm/java-7-oracle/lib/amd64/jli/libjli.so
7f822faf2000-7f822fcf1000 ---p 00015000 08:01 6427411                    /usr/lib/jvm/java-7-oracle/lib/amd64/jli/libjli.so
7f822fcf1000-7f822fcf2000 rw-p 00014000 08:01 6427411                    /usr/lib/jvm/java-7-oracle/lib/amd64/jli/libjli.so
7f822fcf2000-7f822fd0a000 r-xp 00000000 08:01 1048697                    /lib/x86_64-linux-gnu/libpthread-2.15.so
7f822fd0a000-7f822ff09000 ---p 00018000 08:01 1048697                    /lib/x86_64-linux-gnu/libpthread-2.15.so
7f822ff09000-7f822ff0a000 r--p 00017000 08:01 1048697                    /lib/x86_64-linux-gnu/libpthread-2.15.so
7f822ff0a000-7f822ff0b000 rw-p 00018000 08:01 1048697                    /lib/x86_64-linux-gnu/libpthread-2.15.so
7f822ff0b000-7f822ff0f000 rw-p 00000000 00:00 0 
7f822ff0f000-7f822ff31000 r-xp 00000000 08:01 1048699                    /lib/x86_64-linux-gnu/ld-2.15.so
7f822ff3b000-7f822ff5a000 rw-p 00000000 00:00 0 
7f822ff5a000-7f8230010000 rw-p 00000000 00:00 0 
7f8230010000-7f8230013000 ---p 00000000 00:00 0 
7f8230013000-7f8230115000 rw-p 00000000 00:00 0                          [stack:4468]
7f8230123000-7f8230125000 rw-p 00000000 00:00 0 
7f8230125000-7f823012d000 rw-s 00000000 08:01 4853761                    /tmp/hsperfdata_johndalealfredjulian/4467
7f823012d000-7f823012e000 rw-p 00000000 00:00 0 
7f823012e000-7f823012f000 r--p 00000000 00:00 0 
7f823012f000-7f8230131000 rw-p 00000000 00:00 0 
7f8230131000-7f8230132000 r--p 00022000 08:01 1048699                    /lib/x86_64-linux-gnu/ld-2.15.so
7f8230132000-7f8230134000 rw-p 00023000 08:01 1048699                    /lib/x86_64-linux-gnu/ld-2.15.so
7fff6fc99000-7fff6fcba000 rw-p 00000000 00:00 0                          [stack]
7fff6fdfe000-7fff6fe00000 r-xp 00000000 00:00 0                          [vdso]
ffffffffff600000-ffffffffff601000 r-xp 00000000 00:00 0                  [vsyscall]

VM Arguments:
jvm_args: -Dfile.encoding=UTF-8 -Xbootclasspath:/home/johndalealfredjulian/Desktop/android-sdk-linux/platforms/android-22/android.jar 
java_command: com.example.geoquiz.QuizActivity
Launcher Type: SUN_STANDARD

Environment Variables:
PATH=/usr/lib/lightdm/lightdm:/usr/local/sbin:/usr/local/bin:/usr/sbin:/usr/bin:/sbin:/bin:/usr/games
SHELL=/bin/bash
DISPLAY=:0.0

Signal Handlers:
SIGSEGV: [libjvm.so+0x9a3b20], sa_mask[0]=0x7ffbfeff, sa_flags=0x10000004
SIGBUS: [libjvm.so+0x9a3b20], sa_mask[0]=0x7ffbfeff, sa_flags=0x10000004
SIGFPE: [libjvm.so+0x81e740], sa_mask[0]=0x7ffbfeff, sa_flags=0x10000004
SIGPIPE: [libjvm.so+0x81e740], sa_mask[0]=0x7ffbfeff, sa_flags=0x10000004
SIGXFSZ: [libjvm.so+0x81e740], sa_mask[0]=0x7ffbfeff, sa_flags=0x10000004
SIGILL: [libjvm.so+0x81e740], sa_mask[0]=0x7ffbfeff, sa_flags=0x10000004
SIGUSR1: SIG_DFL, sa_mask[0]=0x00000000, sa_flags=0x00000000
SIGUSR2: [libjvm.so+0x81ffb0], sa_mask[0]=0x00000004, sa_flags=0x10000004
SIGHUP: SIG_DFL, sa_mask[0]=0x00000000, sa_flags=0x00000000
SIGINT: SIG_DFL, sa_mask[0]=0x00000000, sa_flags=0x00000000
SIGTERM: SIG_DFL, sa_mask[0]=0x00000000, sa_flags=0x00000000
SIGQUIT: SIG_DFL, sa_mask[0]=0x00000000, sa_flags=0x00000000


---------------  S Y S T E M  ---------------

OS:wheezy/sid

uname:Linux 3.13.0-32-generic #57~precise1-Ubuntu SMP Tue Jul 15 03:51:20 UTC 2014 x86_64
libc:glibc 2.15 NPTL 2.15 
rlimit: STACK 8192k, CORE 0k, NPROC 30380, NOFILE 4096, AS infinity
load average:3.02 3.10 2.82

/proc/meminfo:
MemTotal:        3909768 kB
MemFree:          377100 kB
Buffers:           33020 kB
Cached:           565392 kB
SwapCached:       140288 kB
Active:          2150048 kB
Inactive:         687668 kB
Active(anon):    1943148 kB
Inactive(anon):   420088 kB
Active(file):     206900 kB
Inactive(file):   267580 kB
Unevictable:          16 kB
Mlocked:              16 kB
SwapTotal:       4052988 kB
SwapFree:        3191752 kB
Dirty:               272 kB
Writeback:             0 kB
AnonPages:       2125664 kB
Mapped:           210484 kB
Shmem:            123924 kB
Slab:             106596 kB
SReclaimable:      51788 kB
SUnreclaim:        54808 kB
KernelStack:        5048 kB
PageTables:        43232 kB
NFS_Unstable:          0 kB
Bounce:                0 kB
WritebackTmp:          0 kB
CommitLimit:     6007872 kB
Committed_AS:    8063080 kB
VmallocTotal:   34359738367 kB
VmallocUsed:       95160 kB
VmallocChunk:   34359628668 kB
HardwareCorrupted:     0 kB
AnonHugePages:    712704 kB
HugePages_Total:       0
HugePages_Free:        0
HugePages_Rsvd:        0
HugePages_Surp:        0
Hugepagesize:       2048 kB
DirectMap4k:       67252 kB
DirectMap2M:     3987456 kB


CPU:total 4 (2 cores per cpu, 2 threads per core) family 6 model 37 stepping 2, cmov, cx8, fxsr, mmx, sse, sse2, sse3, ssse3, sse4.1, sse4.2, popcnt, aes, ht, tsc, tscinvbit

/proc/cpuinfo:
processor	: 0
vendor_id	: GenuineIntel
cpu family	: 6
model		: 37
model name	: Intel(R) Core(TM) i5 CPU         650  @ 3.20GHz
stepping	: 2
microcode	: 0x9
cpu MHz		: 3333.000
cache size	: 4096 KB
physical id	: 0
siblings	: 4
core id		: 0
cpu cores	: 2
apicid		: 0
initial apicid	: 0
fpu		: yes
fpu_exception	: yes
cpuid level	: 11
wp		: yes
flags		: fpu vme de pse tsc msr pae mce cx8 apic sep mtrr pge mca cmov pat pse36 clflush dts acpi mmx fxsr sse sse2 ss ht tm pbe syscall nx rdtscp lm constant_tsc arch_perfmon pebs bts rep_good nopl xtopology nonstop_tsc aperfmperf pni pclmulqdq dtes64 monitor ds_cpl vmx smx est tm2 ssse3 cx16 xtpr pdcm sse4_1 sse4_2 popcnt aes lahf_lm ida arat dtherm tpr_shadow vnmi flexpriority ept vpid
bogomips	: 6384.20
clflush size	: 64
cache_alignment	: 64
address sizes	: 36 bits physical, 48 bits virtual
power management:

processor	: 1
vendor_id	: GenuineIntel
cpu family	: 6
model		: 37
model name	: Intel(R) Core(TM) i5 CPU         650  @ 3.20GHz
stepping	: 2
microcode	: 0x9
cpu MHz		: 3333.000
cache size	: 4096 KB
physical id	: 0
siblings	: 4
core id		: 0
cpu cores	: 2
apicid		: 1
initial apicid	: 1
fpu		: yes
fpu_exception	: yes
cpuid level	: 11
wp		: yes
flags		: fpu vme de pse tsc msr pae mce cx8 apic sep mtrr pge mca cmov pat pse36 clflush dts acpi mmx fxsr sse sse2 ss ht tm pbe syscall nx rdtscp lm constant_tsc arch_perfmon pebs bts rep_good nopl xtopology nonstop_tsc aperfmperf pni pclmulqdq dtes64 monitor ds_cpl vmx smx est tm2 ssse3 cx16 xtpr pdcm sse4_1 sse4_2 popcnt aes lahf_lm ida arat dtherm tpr_shadow vnmi flexpriority ept vpid
bogomips	: 6384.20
clflush size	: 64
cache_alignment	: 64
address sizes	: 36 bits physical, 48 bits virtual
power management:

processor	: 2
vendor_id	: GenuineIntel
cpu family	: 6
model		: 37
model name	: Intel(R) Core(TM) i5 CPU         650  @ 3.20GHz
stepping	: 2
microcode	: 0x9
cpu MHz		: 3333.000
cache size	: 4096 KB
physical id	: 0
siblings	: 4
core id		: 2
cpu cores	: 2
apicid		: 5
initial apicid	: 5
fpu		: yes
fpu_exception	: yes
cpuid level	: 11
wp		: yes
flags		: fpu vme de pse tsc msr pae mce cx8 apic sep mtrr pge mca cmov pat pse36 clflush dts acpi mmx fxsr sse sse2 ss ht tm pbe syscall nx rdtscp lm constant_tsc arch_perfmon pebs bts rep_good nopl xtopology nonstop_tsc aperfmperf pni pclmulqdq dtes64 monitor ds_cpl vmx smx est tm2 ssse3 cx16 xtpr pdcm sse4_1 sse4_2 popcnt aes lahf_lm ida arat dtherm tpr_shadow vnmi flexpriority ept vpid
bogomips	: 6384.20
clflush size	: 64
cache_alignment	: 64
address sizes	: 36 bits physical, 48 bits virtual
power management:

processor	: 3
vendor_id	: GenuineIntel
cpu family	: 6
model		: 37
model name	: Intel(R) Core(TM) i5 CPU         650  @ 3.20GHz
stepping	: 2
microcode	: 0x9
cpu MHz		: 3333.000
cache size	: 4096 KB
physical id	: 0
siblings	: 4
core id		: 2
cpu cores	: 2
apicid		: 4
initial apicid	: 4
fpu		: yes
fpu_exception	: yes
cpuid level	: 11
wp		: yes
flags		: fpu vme de pse tsc msr pae mce cx8 apic sep mtrr pge mca cmov pat pse36 clflush dts acpi mmx fxsr sse sse2 ss ht tm pbe syscall nx rdtscp lm constant_tsc arch_perfmon pebs bts rep_good nopl xtopology nonstop_tsc aperfmperf pni pclmulqdq dtes64 monitor ds_cpl vmx smx est tm2 ssse3 cx16 xtpr pdcm sse4_1 sse4_2 popcnt aes lahf_lm ida arat dtherm tpr_shadow vnmi flexpriority ept vpid
bogomips	: 6384.20
clflush size	: 64
cache_alignment	: 64
address sizes	: 36 bits physical, 48 bits virtual
power management:



Memory: 4k page, physical 3909768k(377100k free), swap 4052988k(3191752k free)

vm_info: Java HotSpot(TM) 64-Bit Server VM (24.80-b11) for linux-amd64 JRE (1.7.0_80-b15), built on Apr 10 2015 19:53:14 by "java_re" with gcc 4.3.0 20080428 (Red Hat 4.3.0-8)

time: Tue May 26 12:28:01 2015
elapsed time: 0 seconds

